[2013-04-08 17:39:21] request.ERROR: Uncaught PHP Exception Symfony\Component\HttpKernel\Exception\NotFoundHttpException: "No route found for "GET /js/search.js"" at /Applications/MAMP/htdocs/cinhetic/vendor/symfony/symfony/src/Symfony/Component/HttpKernel/EventListener/RouterListener.php line 94 [] []
[2013-04-08 17:39:26] request.ERROR: Uncaught PHP Exception Symfony\Component\HttpKernel\Exception\NotFoundHttpException: "No route found for "GET /js/search.js"" at /Applications/MAMP/htdocs/cinhetic/vendor/symfony/symfony/src/Symfony/Component/HttpKernel/EventListener/RouterListener.php line 94 [] []
[2013-04-08 17:39:28] request.ERROR: Uncaught PHP Exception Symfony\Component\HttpKernel\Exception\NotFoundHttpException: "No route found for "GET /js/search.js"" at /Applications/MAMP/htdocs/cinhetic/app/cache/prod/classes.php line 3597 [] []
[2013-04-08 17:39:33] request.ERROR: Uncaught PHP Exception Symfony\Component\HttpKernel\Exception\NotFoundHttpException: "No route found for "GET /js/search.js"" at /Applications/MAMP/htdocs/cinhetic/app/cache/prod/classes.php line 3597 [] []
[2013-04-08 17:39:52] request.ERROR: Uncaught PHP Exception Symfony\Component\HttpKernel\Exception\NotFoundHttpException: "No route found for "GET /js/search.js"" at /Applications/MAMP/htdocs/cinhetic/app/cache/prod/classes.php line 3597 [] []
[2013-04-08 17:39:53] request.ERROR: Uncaught PHP Exception Symfony\Component\HttpKernel\Exception\NotFoundHttpException: "No route found for "GET /js/search.js"" at /Applications/MAMP/htdocs/cinhetic/app/cache/prod/classes.php line 3597 [] []
[2013-04-08 17:39:56] request.ERROR: Uncaught PHP Exception Symfony\Component\HttpKernel\Exception\NotFoundHttpException: "No route found for "GET /js/search.js"" at /Applications/MAMP/htdocs/cinhetic/app/cache/prod/classes.php line 3597 [] []
[2013-04-08 17:39:58] request.ERROR: Uncaught PHP Exception Symfony\Component\HttpKernel\Exception\NotFoundHttpException: "No route found for "GET /js/search.js"" at /Applications/MAMP/htdocs/cinhetic/app/cache/prod/classes.php line 3597 [] []
[2013-04-08 17:40:00] request.ERROR: Uncaught PHP Exception Symfony\Component\HttpKernel\Exception\NotFoundHttpException: "No route found for "GET /js/search.js"" at /Applications/MAMP/htdocs/cinhetic/app/cache/prod/classes.php line 3597 [] []
[2013-04-08 17:40:01] request.ERROR: Uncaught PHP Exception Symfony\Component\HttpKernel\Exception\NotFoundHttpException: "No route found for "GET /js/search.js"" at /Applications/MAMP/htdocs/cinhetic/app/cache/prod/classes.php line 3597 [] []
[2013-04-08 17:40:03] request.ERROR: Uncaught PHP Exception Symfony\Component\HttpKernel\Exception\NotFoundHttpException: "No route found for "GET /js/search.js"" at /Applications/MAMP/htdocs/cinhetic/app/cache/prod/classes.php line 3597 [] []
[2013-04-08 17:40:04] request.ERROR: Uncaught PHP Exception Symfony\Component\HttpKernel\Exception\NotFoundHttpException: "No route found for "GET /js/search.js"" at /Applications/MAMP/htdocs/cinhetic/app/cache/prod/classes.php line 3597 [] []
[2013-04-08 17:49:35] request.ERROR: Uncaught PHP Exception Symfony\Component\HttpKernel\Exception\NotFoundHttpException: "No route found for "GET /js/search.js"" at /Applications/MAMP/htdocs/cinhetic/app/cache/prod/classes.php line 3597 [] []
[2013-04-08 17:49:36] request.ERROR: Uncaught PHP Exception Symfony\Component\HttpKernel\Exception\NotFoundHttpException: "No route found for "GET /js/search.js"" at /Applications/MAMP/htdocs/cinhetic/app/cache/prod/classes.php line 3597 [] []
[2013-04-08 17:49:38] request.ERROR: Uncaught PHP Exception Symfony\Component\HttpKernel\Exception\NotFoundHttpException: "No route found for "GET /js/search.js"" at /Applications/MAMP/htdocs/cinhetic/app/cache/prod/classes.php line 3597 [] []
[2013-04-08 17:49:46] request.ERROR: Uncaught PHP Exception Symfony\Component\HttpKernel\Exception\NotFoundHttpException: "No route found for "GET /js/search.js"" at /Applications/MAMP/htdocs/cinhetic/app/cache/prod/classes.php line 3597 [] []
[2013-04-08 17:49:57] request.ERROR: Uncaught PHP Exception Symfony\Component\HttpKernel\Exception\NotFoundHttpException: "No route found for "GET /js/search.js"" at /Applications/MAMP/htdocs/cinhetic/app/cache/prod/classes.php line 3597 [] []
[2013-04-08 17:50:20] request.ERROR: Uncaught PHP Exception Symfony\Component\HttpKernel\Exception\NotFoundHttpException: "No route found for "GET /js/search.js"" at /Applications/MAMP/htdocs/cinhetic/app/cache/prod/classes.php line 3597 [] []
[2013-04-08 17:52:23] request.ERROR: Uncaught PHP Exception Symfony\Component\HttpKernel\Exception\NotFoundHttpException: "No route found for "GET /js/search.js"" at /Applications/MAMP/htdocs/cinhetic/app/cache/prod/classes.php line 3597 [] []
[2013-04-08 18:18:55] request.ERROR: Uncaught PHP Exception Symfony\Component\HttpKernel\Exception\NotFoundHttpException: "No route found for "GET /js/search.js"" at /Applications/MAMP/htdocs/cinhetic/app/cache/prod/classes.php line 3597 [] []
[2013-04-08 18:19:21] request.ERROR: Uncaught PHP Exception Symfony\Component\HttpKernel\Exception\NotFoundHttpException: "No route found for "GET /js/search.js"" at /Applications/MAMP/htdocs/cinhetic/app/cache/prod/classes.php line 3597 [] []
[2013-04-08 18:43:37] request.ERROR: Uncaught PHP Exception Symfony\Component\HttpKernel\Exception\NotFoundHttpException: "No route found for "GET /js/search.js"" at /Applications/MAMP/htdocs/cinhetic/app/cache/prod/classes.php line 3597 [] []
[2013-04-08 20:10:14] request.ERROR: Uncaught PHP Exception Symfony\Component\HttpKernel\Exception\NotFoundHttpException: "No route found for "GET /js/search.js"" at /Applications/MAMP/htdocs/cinhetic/app/cache/prod/classes.php line 3597 [] []
[2013-04-08 20:10:27] request.ERROR: Uncaught PHP Exception Symfony\Component\HttpKernel\Exception\NotFoundHttpException: "No route found for "GET /js/search.js"" at /Applications/MAMP/htdocs/cinhetic/app/cache/prod/classes.php line 3597 [] []
[2013-04-09 09:09:42] request.ERROR: Uncaught PHP Exception Symfony\Component\HttpKernel\Exception\NotFoundHttpException: "No route found for "GET /js/search.js"" at /Applications/MAMP/htdocs/cinhetic/app/cache/prod/classes.php line 3597 [] []
[2013-04-09 09:15:01] request.ERROR: Uncaught PHP Exception Symfony\Component\HttpKernel\Exception\NotFoundHttpException: "No route found for "GET /js/search.js"" at /Applications/MAMP/htdocs/cinhetic/app/cache/prod/classes.php line 3597 [] []
[2013-04-09 09:18:21] request.ERROR: Uncaught PHP Exception Symfony\Component\HttpKernel\Exception\NotFoundHttpException: "No route found for "GET /js/search.js"" at /Applications/MAMP/htdocs/cinhetic/app/cache/prod/classes.php line 3597 [] []
[2013-04-09 09:18:31] request.ERROR: Uncaught PHP Exception Symfony\Component\HttpKernel\Exception\NotFoundHttpException: "No route found for "GET /js/search.js"" at /Applications/MAMP/htdocs/cinhetic/app/cache/prod/classes.php line 3597 [] []
[2013-04-09 09:28:10] request.ERROR: Uncaught PHP Exception Symfony\Component\HttpKernel\Exception\NotFoundHttpException: "No route found for "GET /js/search.js"" at /Applications/MAMP/htdocs/cinhetic/app/cache/prod/classes.php line 3597 [] []
[2013-04-09 09:31:48] request.ERROR: Uncaught PHP Exception Symfony\Component\HttpKernel\Exception\NotFoundHttpException: "No route found for "GET /js/search.js"" at /Applications/MAMP/htdocs/cinhetic/app/cache/prod/classes.php line 3597 [] []
[2013-04-09 09:33:57] request.ERROR: Uncaught PHP Exception Symfony\Component\HttpKernel\Exception\NotFoundHttpException: "No route found for "GET /js/search.js"" at /Applications/MAMP/htdocs/cinhetic/app/cache/prod/classes.php line 3597 [] []
[2013-04-09 09:34:02] request.ERROR: Uncaught PHP Exception Symfony\Component\HttpKernel\Exception\NotFoundHttpException: "No route found for "GET /js/search.js"" at /Applications/MAMP/htdocs/cinhetic/app/cache/prod/classes.php line 3597 [] []
[2013-04-09 09:34:12] request.ERROR: Uncaught PHP Exception Symfony\Component\HttpKernel\Exception\NotFoundHttpException: "No route found for "GET /js/search.js"" at /Applications/MAMP/htdocs/cinhetic/app/cache/prod/classes.php line 3597 [] []
[2013-04-09 09:34:50] request.ERROR: Uncaught PHP Exception Symfony\Component\HttpKernel\Exception\NotFoundHttpException: "No route found for "GET /js/search.js"" at /Applications/MAMP/htdocs/cinhetic/app/cache/prod/classes.php line 3597 [] []
[2013-04-09 09:34:54] request.ERROR: Uncaught PHP Exception Symfony\Component\HttpKernel\Exception\NotFoundHttpException: "No route found for "GET /js/search.js"" at /Applications/MAMP/htdocs/cinhetic/app/cache/prod/classes.php line 3597 [] []
[2013-04-09 09:35:34] request.ERROR: Uncaught PHP Exception Symfony\Component\HttpKernel\Exception\NotFoundHttpException: "No route found for "GET /js/search.js"" at /Applications/MAMP/htdocs/cinhetic/app/cache/prod/classes.php line 3597 [] []
[2013-04-09 09:39:51] request.ERROR: Uncaught PHP Exception Symfony\Component\HttpKernel\Exception\NotFoundHttpException: "No route found for "GET /js/search.js"" at /Applications/MAMP/htdocs/cinhetic/app/cache/prod/classes.php line 3597 [] []
[2013-04-09 09:41:39] request.ERROR: Uncaught PHP Exception Symfony\Component\HttpKernel\Exception\NotFoundHttpException: "No route found for "GET /js/search.js"" at /Applications/MAMP/htdocs/cinhetic/app/cache/prod/classes.php line 3597 [] []
[2013-04-09 10:05:07] request.ERROR: Uncaught PHP Exception Symfony\Component\HttpKernel\Exception\NotFoundHttpException: "No route found for "GET /js/search.js"" at /Applications/MAMP/htdocs/cinhetic/app/cache/prod/classes.php line 3597 [] []
[2013-04-09 10:06:07] request.ERROR: Uncaught PHP Exception Symfony\Component\HttpKernel\Exception\NotFoundHttpException: "No route found for "GET /js/search.js"" at /Applications/MAMP/htdocs/cinhetic/app/cache/prod/classes.php line 3597 [] []
[2013-04-09 10:06:13] request.ERROR: Uncaught PHP Exception Symfony\Component\HttpKernel\Exception\NotFoundHttpException: "No route found for "GET /js/search.js"" at /Applications/MAMP/htdocs/cinhetic/app/cache/prod/classes.php line 3597 [] []
[2013-04-09 10:06:18] request.ERROR: Uncaught PHP Exception Symfony\Component\HttpKernel\Exception\NotFoundHttpException: "No route found for "GET /js/search.js"" at /Applications/MAMP/htdocs/cinhetic/app/cache/prod/classes.php line 3597 [] []
[2013-04-09 10:06:46] request.ERROR: Uncaught PHP Exception Symfony\Component\HttpKernel\Exception\NotFoundHttpException: "No route found for "GET /js/search.js"" at /Applications/MAMP/htdocs/cinhetic/app/cache/prod/classes.php line 3597 [] []
[2013-04-09 10:48:59] request.ERROR: Uncaught PHP Exception Symfony\Component\HttpKernel\Exception\NotFoundHttpException: "No route found for "GET /js/search.js"" at /Applications/MAMP/htdocs/cinhetic/app/cache/prod/classes.php line 3597 [] []
[2013-04-09 11:14:21] request.ERROR: Uncaught PHP Exception Symfony\Component\HttpKernel\Exception\NotFoundHttpException: "No route found for "GET /js/search.js"" at /Applications/MAMP/htdocs/cinhetic/app/cache/prod/classes.php line 3597 [] []
[2013-04-09 11:44:50] request.ERROR: Uncaught PHP Exception Symfony\Component\HttpKernel\Exception\NotFoundHttpException: "No route found for "GET /js/search.js"" at /Applications/MAMP/htdocs/cinhetic/app/cache/prod/classes.php line 3597 [] []
[2013-04-09 11:49:47] request.ERROR: Uncaught PHP Exception Symfony\Component\HttpKernel\Exception\NotFoundHttpException: "No route found for "GET /js/search.js"" at /Applications/MAMP/htdocs/cinhetic/app/cache/prod/classes.php line 3597 [] []
[2013-04-09 11:49:54] request.ERROR: Uncaught PHP Exception Symfony\Component\HttpKernel\Exception\NotFoundHttpException: "No route found for "GET /js/search.js"" at /Applications/MAMP/htdocs/cinhetic/app/cache/prod/classes.php line 3597 [] []
[2013-04-09 11:50:00] request.ERROR: Uncaught PHP Exception Symfony\Component\HttpKernel\Exception\NotFoundHttpException: "No route found for "GET /js/search.js"" at /Applications/MAMP/htdocs/cinhetic/app/cache/prod/classes.php line 3597 [] []
[2013-04-09 11:50:14] request.ERROR: Uncaught PHP Exception Symfony\Component\HttpKernel\Exception\NotFoundHttpException: "No route found for "GET /js/search.js"" at /Applications/MAMP/htdocs/cinhetic/app/cache/prod/classes.php line 3597 [] []
[2013-04-09 11:50:54] request.ERROR: Uncaught PHP Exception Symfony\Component\HttpKernel\Exception\NotFoundHttpException: "No route found for "GET /js/search.js"" at /Applications/MAMP/htdocs/cinhetic/app/cache/prod/classes.php line 3597 [] []
[2013-04-09 11:53:32] request.ERROR: Uncaught PHP Exception Symfony\Component\HttpKernel\Exception\NotFoundHttpException: "No route found for "GET /js/search.js"" at /Applications/MAMP/htdocs/cinhetic/app/cache/prod/classes.php line 3597 [] []
[2013-04-09 12:00:48] request.ERROR: Uncaught PHP Exception Symfony\Component\HttpKernel\Exception\NotFoundHttpException: "No route found for "GET /js/search.js"" at /Applications/MAMP/htdocs/cinhetic/app/cache/prod/classes.php line 3597 [] []
[2013-04-09 12:00:55] request.ERROR: Uncaught PHP Exception Symfony\Component\HttpKernel\Exception\NotFoundHttpException: "No route found for "GET /js/search.js"" at /Applications/MAMP/htdocs/cinhetic/app/cache/prod/classes.php line 3597 [] []
[2013-04-09 12:02:03] request.ERROR: Uncaught PHP Exception Symfony\Component\HttpKernel\Exception\NotFoundHttpException: "No route found for "GET /js/search.js"" at /Applications/MAMP/htdocs/cinhetic/app/cache/prod/classes.php line 3597 [] []
[2013-04-09 12:02:04] request.ERROR: Uncaught PHP Exception Symfony\Component\HttpKernel\Exception\NotFoundHttpException: "No route found for "GET /js/search.js"" at /Applications/MAMP/htdocs/cinhetic/app/cache/prod/classes.php line 3597 [] []
[2013-04-09 12:06:56] request.ERROR: Uncaught PHP Exception Symfony\Component\HttpKernel\Exception\NotFoundHttpException: "No route found for "GET /js/search.js"" at /Applications/MAMP/htdocs/cinhetic/app/cache/prod/classes.php line 3597 [] []
[2013-04-09 12:07:27] request.ERROR: Uncaught PHP Exception Symfony\Component\HttpKernel\Exception\NotFoundHttpException: "No route found for "GET /js/search.js"" at /Applications/MAMP/htdocs/cinhetic/app/cache/prod/classes.php line 3597 [] []
[2013-04-09 12:07:43] request.ERROR: Uncaught PHP Exception Symfony\Component\HttpKernel\Exception\NotFoundHttpException: "No route found for "GET /js/search.js"" at /Applications/MAMP/htdocs/cinhetic/app/cache/prod/classes.php line 3597 [] []
[2013-04-09 12:07:54] request.ERROR: Uncaught PHP Exception Symfony\Component\HttpKernel\Exception\NotFoundHttpException: "No route found for "GET /js/search.js"" at /Applications/MAMP/htdocs/cinhetic/app/cache/prod/classes.php line 3597 [] []
[2013-04-09 12:09:58] request.ERROR: Uncaught PHP Exception Symfony\Component\HttpKernel\Exception\NotFoundHttpException: "No route found for "GET /js/search.js"" at /Applications/MAMP/htdocs/cinhetic/app/cache/prod/classes.php line 3597 [] []
[2013-04-09 12:10:04] request.ERROR: Uncaught PHP Exception Symfony\Component\HttpKernel\Exception\NotFoundHttpException: "No route found for "GET /js/search.js"" at /Applications/MAMP/htdocs/cinhetic/app/cache/prod/classes.php line 3597 [] []
[2013-04-09 12:17:17] request.ERROR: Uncaught PHP Exception Symfony\Component\HttpKernel\Exception\NotFoundHttpException: "No route found for "GET /js/search.js"" at /Applications/MAMP/htdocs/cinhetic/app/cache/prod/classes.php line 3597 [] []
[2013-04-09 12:17:55] request.ERROR: Uncaught PHP Exception Symfony\Component\HttpKernel\Exception\NotFoundHttpException: "No route found for "GET /js/search.js"" at /Applications/MAMP/htdocs/cinhetic/app/cache/prod/classes.php line 3597 [] []
[2013-04-09 12:18:12] request.ERROR: Uncaught PHP Exception Symfony\Component\HttpKernel\Exception\NotFoundHttpException: "No route found for "GET /js/search.js"" at /Applications/MAMP/htdocs/cinhetic/app/cache/prod/classes.php line 3597 [] []
[2013-04-09 12:18:55] request.ERROR: Uncaught PHP Exception Symfony\Component\HttpKernel\Exception\NotFoundHttpException: "No route found for "GET /js/search.js"" at /Applications/MAMP/htdocs/cinhetic/app/cache/prod/classes.php line 3597 [] []
[2013-04-09 12:19:22] request.ERROR: Uncaught PHP Exception Symfony\Component\HttpKernel\Exception\NotFoundHttpException: "No route found for "GET /js/search.js"" at /Applications/MAMP/htdocs/cinhetic/app/cache/prod/classes.php line 3597 [] []
[2013-04-09 12:19:33] request.ERROR: Uncaught PHP Exception Symfony\Component\HttpKernel\Exception\NotFoundHttpException: "No route found for "GET /js/search.js"" at /Applications/MAMP/htdocs/cinhetic/app/cache/prod/classes.php line 3597 [] []
[2013-04-09 12:20:07] request.ERROR: Uncaught PHP Exception Symfony\Component\HttpKernel\Exception\NotFoundHttpException: "No route found for "GET /js/search.js"" at /Applications/MAMP/htdocs/cinhetic/app/cache/prod/classes.php line 3597 [] []
[2013-04-09 12:20:08] request.ERROR: Uncaught PHP Exception Symfony\Component\HttpKernel\Exception\NotFoundHttpException: "No route found for "GET /js/search.js"" at /Applications/MAMP/htdocs/cinhetic/app/cache/prod/classes.php line 3597 [] []
[2013-04-09 12:20:28] request.ERROR: Uncaught PHP Exception Symfony\Component\HttpKernel\Exception\NotFoundHttpException: "No route found for "GET /js/search.js"" at /Applications/MAMP/htdocs/cinhetic/app/cache/prod/classes.php line 3597 [] []
[2013-04-09 12:20:54] request.ERROR: Uncaught PHP Exception Symfony\Component\HttpKernel\Exception\NotFoundHttpException: "No route found for "GET /js/search.js"" at /Applications/MAMP/htdocs/cinhetic/app/cache/prod/classes.php line 3597 [] []
[2013-04-09 12:20:54] request.ERROR: Uncaught PHP Exception Symfony\Component\HttpKernel\Exception\NotFoundHttpException: "No route found for "GET /js/search.js"" at /Applications/MAMP/htdocs/cinhetic/app/cache/prod/classes.php line 3597 [] []
[2013-04-09 12:21:06] request.ERROR: Uncaught PHP Exception Symfony\Component\HttpKernel\Exception\NotFoundHttpException: "No route found for "GET /js/search.js"" at /Applications/MAMP/htdocs/cinhetic/app/cache/prod/classes.php line 3597 [] []
[2013-04-09 12:21:07] request.ERROR: Uncaught PHP Exception Symfony\Component\HttpKernel\Exception\NotFoundHttpException: "No route found for "GET /js/search.js"" at /Applications/MAMP/htdocs/cinhetic/app/cache/prod/classes.php line 3597 [] []
[2013-04-09 13:33:06] request.ERROR: Uncaught PHP Exception Symfony\Component\HttpKernel\Exception\NotFoundHttpException: "No route found for "GET /js/search.js"" at /Applications/MAMP/htdocs/cinhetic/app/cache/prod/classes.php line 3597 [] []
[2013-04-09 13:44:40] request.ERROR: Uncaught PHP Exception Symfony\Component\HttpKernel\Exception\NotFoundHttpException: "No route found for "GET /js/search.js"" at /Applications/MAMP/htdocs/cinhetic/app/cache/prod/classes.php line 3597 [] []
[2013-04-09 13:44:48] request.ERROR: Uncaught PHP Exception Symfony\Component\HttpKernel\Exception\NotFoundHttpException: "No route found for "GET /js/search.js"" at /Applications/MAMP/htdocs/cinhetic/app/cache/prod/classes.php line 3597 [] []
[2013-04-09 13:48:27] request.ERROR: Uncaught PHP Exception Symfony\Component\HttpKernel\Exception\NotFoundHttpException: "No route found for "GET /js/search.js"" at /Applications/MAMP/htdocs/cinhetic/app/cache/prod/classes.php line 3597 [] []
[2013-04-09 13:48:30] request.ERROR: Uncaught PHP Exception Symfony\Component\HttpKernel\Exception\NotFoundHttpException: "No route found for "GET /js/search.js"" at /Applications/MAMP/htdocs/cinhetic/app/cache/prod/classes.php line 3597 [] []
[2013-04-09 13:54:38] request.ERROR: Uncaught PHP Exception Symfony\Component\HttpKernel\Exception\NotFoundHttpException: "No route found for "GET /js/search.js"" at /Applications/MAMP/htdocs/cinhetic/app/cache/prod/classes.php line 3597 [] []
[2013-04-09 13:54:40] request.ERROR: Uncaught PHP Exception Symfony\Component\HttpKernel\Exception\NotFoundHttpException: "No route found for "GET /js/search.js"" at /Applications/MAMP/htdocs/cinhetic/app/cache/prod/classes.php line 3597 [] []
[2013-04-09 13:57:00] request.ERROR: Uncaught PHP Exception Symfony\Component\HttpKernel\Exception\NotFoundHttpException: "No route found for "GET /js/search.js"" at /Applications/MAMP/htdocs/cinhetic/app/cache/prod/classes.php line 3597 [] []
[2013-04-09 14:14:13] request.ERROR: Uncaught PHP Exception Symfony\Component\HttpKernel\Exception\NotFoundHttpException: "No route found for "GET /js/search.js"" at /Applications/MAMP/htdocs/cinhetic/app/cache/prod/classes.php line 3597 [] []
[2013-04-09 14:30:02] request.ERROR: Uncaught PHP Exception Symfony\Component\HttpKernel\Exception\NotFoundHttpException: "No route found for "GET /js/search.js"" at /Applications/MAMP/htdocs/cinhetic/app/cache/prod/classes.php line 3597 [] []
[2013-04-09 14:50:14] request.ERROR: Uncaught PHP Exception Symfony\Component\HttpKernel\Exception\NotFoundHttpException: "No route found for "GET /js/search.js"" at /Applications/MAMP/htdocs/cinhetic/app/cache/prod/classes.php line 3597 [] []
[2013-04-09 14:50:40] request.ERROR: Uncaught PHP Exception Symfony\Component\HttpKernel\Exception\NotFoundHttpException: "No route found for "GET /js/search.js"" at /Applications/MAMP/htdocs/cinhetic/app/cache/prod/classes.php line 3597 [] []
[2013-04-09 14:53:22] request.ERROR: Uncaught PHP Exception Symfony\Component\HttpKernel\Exception\NotFoundHttpException: "No route found for "GET /js/search.js"" at /Applications/MAMP/htdocs/cinhetic/app/cache/prod/classes.php line 3597 [] []
[2013-04-09 14:53:26] request.ERROR: Uncaught PHP Exception Symfony\Component\HttpKernel\Exception\NotFoundHttpException: "No route found for "GET /js/search.js"" at /Applications/MAMP/htdocs/cinhetic/app/cache/prod/classes.php line 3597 [] []
[2013-04-09 14:54:25] request.ERROR: Uncaught PHP Exception Symfony\Component\HttpKernel\Exception\NotFoundHttpException: "No route found for "GET /js/search.js"" at /Applications/MAMP/htdocs/cinhetic/app/cache/prod/classes.php line 3597 [] []
[2013-04-09 14:54:31] request.ERROR: Uncaught PHP Exception Symfony\Component\HttpKernel\Exception\NotFoundHttpException: "No route found for "GET /js/search.js"" at /Applications/MAMP/htdocs/cinhetic/app/cache/prod/classes.php line 3597 [] []
[2013-04-09 14:54:34] request.ERROR: Uncaught PHP Exception Symfony\Component\HttpKernel\Exception\NotFoundHttpException: "No route found for "GET /js/search.js"" at /Applications/MAMP/htdocs/cinhetic/app/cache/prod/classes.php line 3597 [] []
[2013-04-09 14:54:38] request.ERROR: Uncaught PHP Exception Symfony\Component\HttpKernel\Exception\NotFoundHttpException: "No route found for "GET /js/search.js"" at /Applications/MAMP/htdocs/cinhetic/app/cache/prod/classes.php line 3597 [] []
[2013-04-09 14:54:43] request.ERROR: Uncaught PHP Exception Symfony\Component\HttpKernel\Exception\NotFoundHttpException: "No route found for "GET /js/search.js"" at /Applications/MAMP/htdocs/cinhetic/app/cache/prod/classes.php line 3597 [] []
[2013-04-09 14:56:35] request.ERROR: Uncaught PHP Exception Symfony\Component\HttpKernel\Exception\NotFoundHttpException: "No route found for "GET /js/search.js"" at /Applications/MAMP/htdocs/cinhetic/app/cache/prod/classes.php line 3597 [] []
[2013-04-09 15:09:04] request.ERROR: Uncaught PHP Exception Symfony\Component\HttpKernel\Exception\NotFoundHttpException: "No route found for "GET /js/search.js"" at /Applications/MAMP/htdocs/cinhetic/app/cache/prod/classes.php line 3597 [] []
[2013-04-09 15:09:06] request.ERROR: Uncaught PHP Exception Symfony\Component\HttpKernel\Exception\NotFoundHttpException: "No route found for "GET /js/search.js"" at /Applications/MAMP/htdocs/cinhetic/app/cache/prod/classes.php line 3597 [] []
[2013-04-09 15:09:08] request.ERROR: Uncaught PHP Exception Symfony\Component\HttpKernel\Exception\NotFoundHttpException: "No route found for "GET /js/search.js"" at /Applications/MAMP/htdocs/cinhetic/app/cache/prod/classes.php line 3597 [] []
[2013-04-09 15:09:13] request.ERROR: Uncaught PHP Exception Symfony\Component\HttpKernel\Exception\NotFoundHttpException: "No route found for "GET /js/search.js"" at /Applications/MAMP/htdocs/cinhetic/app/cache/prod/classes.php line 3597 [] []
[2013-04-09 15:09:43] request.ERROR: Uncaught PHP Exception Symfony\Component\HttpKernel\Exception\NotFoundHttpException: "No route found for "GET /js/search.js"" at /Applications/MAMP/htdocs/cinhetic/app/cache/prod/classes.php line 3597 [] []
[2013-04-09 15:15:18] request.ERROR: Uncaught PHP Exception Symfony\Component\HttpKernel\Exception\NotFoundHttpException: "No route found for "GET /js/search.js"" at /Applications/MAMP/htdocs/cinhetic/app/cache/prod/classes.php line 3597 [] []
[2013-04-09 15:15:27] request.ERROR: Uncaught PHP Exception Symfony\Component\HttpKernel\Exception\NotFoundHttpException: "No route found for "GET /js/search.js"" at /Applications/MAMP/htdocs/cinhetic/app/cache/prod/classes.php line 3597 [] []
[2013-04-09 15:17:35] request.ERROR: Uncaught PHP Exception Symfony\Component\HttpKernel\Exception\NotFoundHttpException: "No route found for "GET /js/search.js"" at /Applications/MAMP/htdocs/cinhetic/app/cache/prod/classes.php line 3597 [] []
[2013-04-09 15:17:41] request.ERROR: Uncaught PHP Exception Symfony\Component\HttpKernel\Exception\NotFoundHttpException: "No route found for "GET /js/search.js"" at /Applications/MAMP/htdocs/cinhetic/app/cache/prod/classes.php line 3597 [] []
[2013-04-09 15:18:32] request.ERROR: Uncaught PHP Exception Symfony\Component\HttpKernel\Exception\NotFoundHttpException: "No route found for "GET /js/search.js"" at /Applications/MAMP/htdocs/cinhetic/app/cache/prod/classes.php line 3597 [] []
[2013-04-09 15:18:39] request.ERROR: Uncaught PHP Exception Symfony\Component\HttpKernel\Exception\NotFoundHttpException: "No route found for "GET /js/search.js"" at /Applications/MAMP/htdocs/cinhetic/app/cache/prod/classes.php line 3597 [] []
[2013-04-09 15:26:52] request.ERROR: Uncaught PHP Exception Symfony\Component\HttpKernel\Exception\NotFoundHttpException: "No route found for "GET /js/search.js"" at /Applications/MAMP/htdocs/cinhetic/app/cache/prod/classes.php line 3597 [] []
[2013-04-09 15:26:53] request.ERROR: Uncaught PHP Exception Symfony\Component\HttpKernel\Exception\NotFoundHttpException: "No route found for "GET /js/search.js"" at /Applications/MAMP/htdocs/cinhetic/app/cache/prod/classes.php line 3597 [] []
[2013-04-09 15:27:41] request.ERROR: Uncaught PHP Exception Symfony\Component\HttpKernel\Exception\NotFoundHttpException: "No route found for "GET /js/search.js"" at /Applications/MAMP/htdocs/cinhetic/app/cache/prod/classes.php line 3597 [] []
[2013-04-09 15:27:54] request.ERROR: Uncaught PHP Exception Symfony\Component\HttpKernel\Exception\NotFoundHttpException: "No route found for "GET /js/search.js"" at /Applications/MAMP/htdocs/cinhetic/app/cache/prod/classes.php line 3597 [] []
[2013-04-09 15:34:39] request.ERROR: Uncaught PHP Exception Symfony\Component\HttpKernel\Exception\NotFoundHttpException: "No route found for "GET /js/search.js"" at /Applications/MAMP/htdocs/cinhetic/app/cache/prod/classes.php line 3597 [] []
[2013-04-09 15:40:22] request.ERROR: Uncaught PHP Exception Symfony\Component\HttpKernel\Exception\NotFoundHttpException: "No route found for "GET /hetic_search_view"" at /Applications/MAMP/htdocs/cinhetic/app/cache/prod/classes.php line 3597 [] []
[2013-04-09 15:40:26] request.ERROR: Uncaught PHP Exception Symfony\Component\HttpKernel\Exception\NotFoundHttpException: "No route found for "GET /js/search.js"" at /Applications/MAMP/htdocs/cinhetic/app/cache/prod/classes.php line 3597 [] []
[2013-04-09 15:41:31] request.ERROR: Uncaught PHP Exception Symfony\Component\HttpKernel\Exception\NotFoundHttpException: "No route found for "GET /js/search.js"" at /Applications/MAMP/htdocs/cinhetic/app/cache/prod/classes.php line 3597 [] []
[2013-04-09 15:41:37] request.ERROR: Uncaught PHP Exception Symfony\Component\HttpKernel\Exception\NotFoundHttpException: "No route found for "GET /js/search.js"" at /Applications/MAMP/htdocs/cinhetic/app/cache/prod/classes.php line 3597 [] []
[2013-04-09 15:41:38] request.ERROR: Uncaught PHP Exception Symfony\Component\HttpKernel\Exception\NotFoundHttpException: "No route found for "GET /js/search.js"" at /Applications/MAMP/htdocs/cinhetic/app/cache/prod/classes.php line 3597 [] []
[2013-04-09 15:42:51] request.ERROR: Uncaught PHP Exception Symfony\Component\HttpKernel\Exception\NotFoundHttpException: "No route found for "GET /js/search.js"" at /Applications/MAMP/htdocs/cinhetic/app/cache/prod/classes.php line 3597 [] []
[2013-04-09 15:42:54] request.ERROR: Uncaught PHP Exception Symfony\Component\HttpKernel\Exception\NotFoundHttpException: "No route found for "GET /js/search.js"" at /Applications/MAMP/htdocs/cinhetic/app/cache/prod/classes.php line 3597 [] []
[2013-04-09 15:42:54] request.ERROR: Uncaught PHP Exception Symfony\Component\HttpKernel\Exception\NotFoundHttpException: "No route found for "GET /js/search.js"" at /Applications/MAMP/htdocs/cinhetic/app/cache/prod/classes.php line 3597 [] []
[2013-04-09 15:44:03] request.ERROR: Uncaught PHP Exception Symfony\Component\HttpKernel\Exception\NotFoundHttpException: "No route found for "GET /js/search.js"" at /Applications/MAMP/htdocs/cinhetic/app/cache/prod/classes.php line 3597 [] []
[2013-04-09 15:44:08] request.ERROR: Uncaught PHP Exception Symfony\Component\HttpKernel\Exception\NotFoundHttpException: "No route found for "GET /js/search.js"" at /Applications/MAMP/htdocs/cinhetic/app/cache/prod/classes.php line 3597 [] []
[2013-04-09 15:48:06] request.ERROR: Uncaught PHP Exception Symfony\Component\HttpKernel\Exception\NotFoundHttpException: "No route found for "GET /js/search.js"" at /Applications/MAMP/htdocs/cinhetic/app/cache/prod/classes.php line 3597 [] []
[2013-04-09 15:50:47] request.ERROR: Uncaught PHP Exception Symfony\Component\HttpKernel\Exception\NotFoundHttpException: "No route found for "GET /js/search.js"" at /Applications/MAMP/htdocs/cinhetic/app/cache/prod/classes.php line 3597 [] []
[2013-04-09 15:51:01] request.ERROR: Uncaught PHP Exception Symfony\Component\HttpKernel\Exception\NotFoundHttpException: "No route found for "GET /js/search.js"" at /Applications/MAMP/htdocs/cinhetic/app/cache/prod/classes.php line 3597 [] []
[2013-04-09 16:09:11] request.ERROR: Uncaught PHP Exception Symfony\Component\HttpKernel\Exception\NotFoundHttpException: "No route found for "GET /js/search.js"" at /Applications/MAMP/htdocs/cinhetic/app/cache/prod/classes.php line 3597 [] []
[2013-04-09 16:09:18] request.ERROR: Uncaught PHP Exception Symfony\Component\HttpKernel\Exception\NotFoundHttpException: "No route found for "GET /js/search.js"" at /Applications/MAMP/htdocs/cinhetic/app/cache/prod/classes.php line 3597 [] []
[2013-04-09 16:10:37] request.ERROR: Uncaught PHP Exception Symfony\Component\HttpKernel\Exception\NotFoundHttpException: "No route found for "GET /js/search.js"" at /Applications/MAMP/htdocs/cinhetic/app/cache/prod/classes.php line 3597 [] []
[2013-04-09 16:10:39] request.ERROR: Uncaught PHP Exception Symfony\Component\HttpKernel\Exception\NotFoundHttpException: "No route found for "GET /js/search.js"" at /Applications/MAMP/htdocs/cinhetic/app/cache/prod/classes.php line 3597 [] []
[2013-04-09 16:10:40] request.ERROR: Uncaught PHP Exception Symfony\Component\HttpKernel\Exception\NotFoundHttpException: "No route found for "GET /js/search.js"" at /Applications/MAMP/htdocs/cinhetic/app/cache/prod/classes.php line 3597 [] []
[2013-04-09 16:17:02] request.ERROR: Uncaught PHP Exception Symfony\Component\HttpKernel\Exception\NotFoundHttpException: "No route found for "GET /js/search.js"" at /Applications/MAMP/htdocs/cinhetic/app/cache/prod/classes.php line 3597 [] []
[2013-04-09 16:18:15] request.ERROR: Uncaught PHP Exception Symfony\Component\HttpKernel\Exception\NotFoundHttpException: "No route found for "GET /js/search.js"" at /Applications/MAMP/htdocs/cinhetic/app/cache/prod/classes.php line 3597 [] []
[2013-04-09 16:18:16] request.ERROR: Uncaught PHP Exception Symfony\Component\HttpKernel\Exception\NotFoundHttpException: "No route found for "GET /js/search.js"" at /Applications/MAMP/htdocs/cinhetic/app/cache/prod/classes.php line 3597 [] []
[2013-04-09 16:18:19] request.ERROR: Uncaught PHP Exception Symfony\Component\HttpKernel\Exception\NotFoundHttpException: "No route found for "GET /js/search.js"" at /Applications/MAMP/htdocs/cinhetic/app/cache/prod/classes.php line 3597 [] []
[2013-04-09 16:19:01] request.ERROR: Uncaught PHP Exception Symfony\Component\HttpKernel\Exception\NotFoundHttpException: "No route found for "GET /js/search.js"" at /Applications/MAMP/htdocs/cinhetic/app/cache/prod/classes.php line 3597 [] []
[2013-04-09 16:24:57] request.ERROR: Uncaught PHP Exception Symfony\Component\HttpKernel\Exception\NotFoundHttpException: "No route found for "GET /js/search.js"" at /Applications/MAMP/htdocs/cinhetic/app/cache/prod/classes.php line 3597 [] []
[2013-04-09 16:34:48] request.ERROR: Uncaught PHP Exception Symfony\Component\HttpKernel\Exception\NotFoundHttpException: "No route found for "GET /js/search.js"" at /Applications/MAMP/htdocs/cinhetic/app/cache/prod/classes.php line 3597 [] []
[2013-04-09 16:39:10] request.ERROR: Uncaught PHP Exception Symfony\Component\HttpKernel\Exception\NotFoundHttpException: "No route found for "GET /js/search.js"" at /Applications/MAMP/htdocs/cinhetic/app/cache/prod/classes.php line 3597 [] []
[2013-04-09 16:39:20] request.ERROR: Uncaught PHP Exception Symfony\Component\HttpKernel\Exception\NotFoundHttpException: "No route found for "GET /js/search.js"" at /Applications/MAMP/htdocs/cinhetic/app/cache/prod/classes.php line 3597 [] []
[2013-04-09 16:39:53] request.ERROR: Uncaught PHP Exception Symfony\Component\HttpKernel\Exception\NotFoundHttpException: "No route found for "GET /js/search.js"" at /Applications/MAMP/htdocs/cinhetic/app/cache/prod/classes.php line 3597 [] []
[2013-04-09 16:39:55] request.ERROR: Uncaught PHP Exception Symfony\Component\HttpKernel\Exception\NotFoundHttpException: "No route found for "GET /js/search.js"" at /Applications/MAMP/htdocs/cinhetic/app/cache/prod/classes.php line 3597 [] []
[2013-04-09 16:40:10] request.ERROR: Uncaught PHP Exception Symfony\Component\HttpKernel\Exception\NotFoundHttpException: "No route found for "GET /js/search.js"" at /Applications/MAMP/htdocs/cinhetic/app/cache/prod/classes.php line 3597 [] []
[2013-04-09 16:40:16] request.ERROR: Uncaught PHP Exception Symfony\Component\HttpKernel\Exception\NotFoundHttpException: "No route found for "GET /js/search.js"" at /Applications/MAMP/htdocs/cinhetic/app/cache/prod/classes.php line 3597 [] []
[2013-04-09 16:40:44] request.ERROR: Uncaught PHP Exception Symfony\Component\HttpKernel\Exception\NotFoundHttpException: "No route found for "GET /js/search.js"" at /Applications/MAMP/htdocs/cinhetic/app/cache/prod/classes.php line 3597 [] []
[2013-04-09 16:40:46] request.ERROR: Uncaught PHP Exception Symfony\Component\HttpKernel\Exception\NotFoundHttpException: "No route found for "GET /js/search.js"" at /Applications/MAMP/htdocs/cinhetic/app/cache/prod/classes.php line 3597 [] []
[2013-04-09 16:40:48] request.ERROR: Uncaught PHP Exception Symfony\Component\HttpKernel\Exception\NotFoundHttpException: "No route found for "GET /js/search.js"" at /Applications/MAMP/htdocs/cinhetic/app/cache/prod/classes.php line 3597 [] []
[2013-04-09 16:40:48] request.ERROR: Uncaught PHP Exception Symfony\Component\HttpKernel\Exception\NotFoundHttpException: "No route found for "GET /js/search.js"" at /Applications/MAMP/htdocs/cinhetic/app/cache/prod/classes.php line 3597 [] []
[2013-04-09 16:41:13] request.ERROR: Uncaught PHP Exception Symfony\Component\HttpKernel\Exception\NotFoundHttpException: "No route found for "GET /js/search.js"" at /Applications/MAMP/htdocs/cinhetic/app/cache/prod/classes.php line 3597 [] []
[2013-04-09 16:41:15] request.ERROR: Uncaught PHP Exception Symfony\Component\HttpKernel\Exception\NotFoundHttpException: "No route found for "GET /js/search.js"" at /Applications/MAMP/htdocs/cinhetic/app/cache/prod/classes.php line 3597 [] []
[2013-04-09 16:41:25] request.ERROR: Uncaught PHP Exception Symfony\Component\HttpKernel\Exception\NotFoundHttpException: "No route found for "GET /js/search.js"" at /Applications/MAMP/htdocs/cinhetic/app/cache/prod/classes.php line 3597 [] []
[2013-04-09 16:41:27] request.ERROR: Uncaught PHP Exception Symfony\Component\HttpKernel\Exception\NotFoundHttpException: "No route found for "GET /js/search.js"" at /Applications/MAMP/htdocs/cinhetic/app/cache/prod/classes.php line 3597 [] []
[2013-04-09 16:41:49] request.ERROR: Uncaught PHP Exception Symfony\Component\HttpKernel\Exception\NotFoundHttpException: "No route found for "GET /js/search.js"" at /Applications/MAMP/htdocs/cinhetic/app/cache/prod/classes.php line 3597 [] []
[2013-04-09 16:51:13] request.ERROR: Uncaught PHP Exception Symfony\Component\HttpKernel\Exception\NotFoundHttpException: "No route found for "GET /js/search.js"" at /Applications/MAMP/htdocs/cinhetic/app/cache/prod/classes.php line 3597 [] []
[2013-04-11 11:24:33] request.ERROR: Uncaught PHP Exception Symfony\Component\HttpKernel\Exception\NotFoundHttpException: "No route found for "GET /images/oblivion.jpeg"" at /Applications/MAMP/htdocs/cinhetic/app/cache/prod/classes.php line 3597 [] []
[2013-04-11 11:24:36] request.ERROR: Uncaught PHP Exception Symfony\Component\HttpKernel\Exception\NotFoundHttpException: "No route found for "GET /images/oblivion.jpg"" at /Applications/MAMP/htdocs/cinhetic/app/cache/prod/classes.php line 3597 [] []
[2013-04-11 11:24:42] request.ERROR: Uncaught PHP Exception Symfony\Component\HttpKernel\Exception\NotFoundHttpException: "No route found for "GET /images/films/oblivion.jpg"" at /Applications/MAMP/htdocs/cinhetic/app/cache/prod/classes.php line 3597 [] []
[2013-04-11 11:37:28] request.ERROR: Uncaught PHP Exception Symfony\Component\HttpKernel\Exception\NotFoundHttpException: "No route found for "GET /images/films/%7B%7B%20media.picture%20%7D%7D"" at /Applications/MAMP/htdocs/cinhetic/app/cache/prod/classes.php line 3597 [] []
[2013-04-11 11:38:15] request.ERROR: Uncaught PHP Exception Symfony\Component\HttpKernel\Exception\NotFoundHttpException: "No route found for "GET /images/films/"" at /Applications/MAMP/htdocs/cinhetic/app/cache/prod/classes.php line 3597 [] []
[2013-04-12 10:46:59] request.ERROR: Uncaught PHP Exception Symfony\Component\HttpKernel\Exception\NotFoundHttpException: "No route found for "GET /images/films/seigneurs.jpg"" at /Applications/MAMP/htdocs/cinhetic/app/cache/prod/classes.php line 3597 [] []
[2013-04-12 11:13:33] request.ERROR: Uncaught PHP Exception Symfony\Component\HttpKernel\Exception\NotFoundHttpException: "No route found for "GET /app"" at /Applications/MAMP/htdocs/cinhetic/app/cache/prod/classes.php line 3597 [] []
[2013-04-12 16:07:23] request.ERROR: Uncaught PHP Exception Symfony\Component\HttpKernel\Exception\NotFoundHttpException: "No route found for "GET /images/films/"" at /Applications/MAMP/htdocs/cinhetic/app/cache/prod/classes.php line 3597 [] []
